[2021-06-02 10:14:48] local.ERROR: SQLSTATE[HY000] [1698] Access denied for user 'root'@'localhost' (SQL: select * from information_schema.tables where table_schema = develop and table_name = migrations and table_type = 'BASE TABLE') {"exception":"[object] (Illuminate\\Database\\QueryException(code: 1698): SQLSTATE[HY000] [1698] Access denied for user 'root'@'localhost' (SQL: select * from information_schema.tables where table_schema = develop and table_name = migrations and table_type = 'BASE TABLE') at /home/hend/Desktop/learnovia-backend/vendor/laravel/framework/src/Illuminate/Database/Connection.php:664, Doctrine\\DBAL\\Driver\\PDOException(code: 1698): SQLSTATE[HY000] [1698] Access denied for user 'root'@'localhost' at /home/hend/Desktop/learnovia-backend/vendor/doctrine/dbal/lib/Doctrine/DBAL/Driver/PDOConnection.php:31, PDOException(code: 1698): SQLSTATE[HY000] [1698] Access denied for user 'root'@'localhost' at /home/hend/Desktop/learnovia-backend/vendor/doctrine/dbal/lib/Doctrine/DBAL/Driver/PDOConnection.php:27)
[stacktrace]
#0 /home/hend/Desktop/learnovia-backend/vendor/laravel/framework/src/Illuminate/Database/Connection.php(624): Illuminate\\Database\\Connection->runQueryCallback()
#1 /home/hend/Desktop/learnovia-backend/vendor/laravel/framework/src/Illuminate/Database/Connection.php(333): Illuminate\\Database\\Connection->run()
#2 /home/hend/Desktop/learnovia-backend/vendor/laravel/framework/src/Illuminate/Database/Schema/MySqlBuilder.php(18): Illuminate\\Database\\Connection->select()
#3 /home/hend/Desktop/learnovia-backend/vendor/laravel/framework/src/Illuminate/Database/Migrations/DatabaseMigrationRepository.php(169): Illuminate\\Database\\Schema\\MySqlBuilder->hasTable()
#4 /home/hend/Desktop/learnovia-backend/vendor/laravel/framework/src/Illuminate/Database/Migrations/Migrator.php(585): Illuminate\\Database\\Migrations\\DatabaseMigrationRepository->repositoryExists()
#5 /home/hend/Desktop/learnovia-backend/vendor/laravel/framework/src/Illuminate/Database/Console/Migrations/MigrateCommand.php(91): Illuminate\\Database\\Migrations\\Migrator->repositoryExists()
#6 /home/hend/Desktop/learnovia-backend/vendor/laravel/framework/src/Illuminate/Database/Console/Migrations/MigrateCommand.php(63): Illuminate\\Database\\Console\\Migrations\\MigrateCommand->prepareDatabase()
#7 [internal function]: Illuminate\\Database\\Console\\Migrations\\MigrateCommand->handle()
#8 /home/hend/Desktop/learnovia-backend/vendor/laravel/framework/src/Illuminate/Container/BoundMethod.php(32): call_user_func_array()
#9 /home/hend/Desktop/learnovia-backend/vendor/laravel/framework/src/Illuminate/Container/BoundMethod.php(90): Illuminate\\Container\\BoundMethod::Illuminate\\Container\\{closure}()
#10 /home/hend/Desktop/learnovia-backend/vendor/laravel/framework/src/Illuminate/Container/BoundMethod.php(34): Illuminate\\Container\\BoundMethod::callBoundMethod()
#11 /home/hend/Desktop/learnovia-backend/vendor/laravel/framework/src/Illuminate/Container/Container.php(576): Illuminate\\Container\\BoundMethod::call()
#12 /home/hend/Desktop/learnovia-backend/vendor/laravel/framework/src/Illuminate/Console/Command.php(183): Illuminate\\Container\\Container->call()
#13 /home/hend/Desktop/learnovia-backend/vendor/symfony/console/Command/Command.php(255): Illuminate\\Console\\Command->execute()
#14 /home/hend/Desktop/learnovia-backend/vendor/laravel/framework/src/Illuminate/Console/Command.php(170): Symfony\\Component\\Console\\Command\\Command->run()
#15 /home/hend/Desktop/learnovia-backend/vendor/symfony/console/Application.php(1000): Illuminate\\Console\\Command->run()
#16 /home/hend/Desktop/learnovia-backend/vendor/symfony/console/Application.php(271): Symfony\\Component\\Console\\Application->doRunCommand()
#17 /home/hend/Desktop/learnovia-backend/vendor/symfony/console/Application.php(147): Symfony\\Component\\Console\\Application->doRun()
#18 /home/hend/Desktop/learnovia-backend/vendor/laravel/framework/src/Illuminate/Console/Application.php(90): Symfony\\Component\\Console\\Application->run()
#19 /home/hend/Desktop/learnovia-backend/vendor/laravel/framework/src/Illuminate/Foundation/Console/Kernel.php(133): Illuminate\\Console\\Application->run()
#20 /home/hend/Desktop/learnovia-backend/artisan(37): Illuminate\\Foundation\\Console\\Kernel->handle()
#21 {main}
"} 
[2021-06-02 10:15:46] local.ERROR: SQLSTATE[HY000] [1698] Access denied for user 'root'@'localhost' (SQL: select * from information_schema.tables where table_schema = develop and table_name = migrations and table_type = 'BASE TABLE') {"exception":"[object] (Illuminate\\Database\\QueryException(code: 1698): SQLSTATE[HY000] [1698] Access denied for user 'root'@'localhost' (SQL: select * from information_schema.tables where table_schema = develop and table_name = migrations and table_type = 'BASE TABLE') at /home/hend/Desktop/learnovia-backend/vendor/laravel/framework/src/Illuminate/Database/Connection.php:664, Doctrine\\DBAL\\Driver\\PDOException(code: 1698): SQLSTATE[HY000] [1698] Access denied for user 'root'@'localhost' at /home/hend/Desktop/learnovia-backend/vendor/doctrine/dbal/lib/Doctrine/DBAL/Driver/PDOConnection.php:31, PDOException(code: 1698): SQLSTATE[HY000] [1698] Access denied for user 'root'@'localhost' at /home/hend/Desktop/learnovia-backend/vendor/doctrine/dbal/lib/Doctrine/DBAL/Driver/PDOConnection.php:27)
[stacktrace]
#0 /home/hend/Desktop/learnovia-backend/vendor/laravel/framework/src/Illuminate/Database/Connection.php(624): Illuminate\\Database\\Connection->runQueryCallback()
#1 /home/hend/Desktop/learnovia-backend/vendor/laravel/framework/src/Illuminate/Database/Connection.php(333): Illuminate\\Database\\Connection->run()
#2 /home/hend/Desktop/learnovia-backend/vendor/laravel/framework/src/Illuminate/Database/Schema/MySqlBuilder.php(18): Illuminate\\Database\\Connection->select()
#3 /home/hend/Desktop/learnovia-backend/vendor/laravel/framework/src/Illuminate/Database/Migrations/DatabaseMigrationRepository.php(169): Illuminate\\Database\\Schema\\MySqlBuilder->hasTable()
#4 /home/hend/Desktop/learnovia-backend/vendor/laravel/framework/src/Illuminate/Database/Migrations/Migrator.php(585): Illuminate\\Database\\Migrations\\DatabaseMigrationRepository->repositoryExists()
#5 /home/hend/Desktop/learnovia-backend/vendor/laravel/framework/src/Illuminate/Database/Console/Migrations/MigrateCommand.php(91): Illuminate\\Database\\Migrations\\Migrator->repositoryExists()
#6 /home/hend/Desktop/learnovia-backend/vendor/laravel/framework/src/Illuminate/Database/Console/Migrations/MigrateCommand.php(63): Illuminate\\Database\\Console\\Migrations\\MigrateCommand->prepareDatabase()
#7 [internal function]: Illuminate\\Database\\Console\\Migrations\\MigrateCommand->handle()
#8 /home/hend/Desktop/learnovia-backend/vendor/laravel/framework/src/Illuminate/Container/BoundMethod.php(32): call_user_func_array()
#9 /home/hend/Desktop/learnovia-backend/vendor/laravel/framework/src/Illuminate/Container/BoundMethod.php(90): Illuminate\\Container\\BoundMethod::Illuminate\\Container\\{closure}()
#10 /home/hend/Desktop/learnovia-backend/vendor/laravel/framework/src/Illuminate/Container/BoundMethod.php(34): Illuminate\\Container\\BoundMethod::callBoundMethod()
#11 /home/hend/Desktop/learnovia-backend/vendor/laravel/framework/src/Illuminate/Container/Container.php(576): Illuminate\\Container\\BoundMethod::call()
#12 /home/hend/Desktop/learnovia-backend/vendor/laravel/framework/src/Illuminate/Console/Command.php(183): Illuminate\\Container\\Container->call()
#13 /home/hend/Desktop/learnovia-backend/vendor/symfony/console/Command/Command.php(255): Illuminate\\Console\\Command->execute()
#14 /home/hend/Desktop/learnovia-backend/vendor/laravel/framework/src/Illuminate/Console/Command.php(170): Symfony\\Component\\Console\\Command\\Command->run()
#15 /home/hend/Desktop/learnovia-backend/vendor/symfony/console/Application.php(1000): Illuminate\\Console\\Command->run()
#16 /home/hend/Desktop/learnovia-backend/vendor/symfony/console/Application.php(271): Symfony\\Component\\Console\\Application->doRunCommand()
#17 /home/hend/Desktop/learnovia-backend/vendor/symfony/console/Application.php(147): Symfony\\Component\\Console\\Application->doRun()
#18 /home/hend/Desktop/learnovia-backend/vendor/laravel/framework/src/Illuminate/Console/Application.php(90): Symfony\\Component\\Console\\Application->run()
#19 /home/hend/Desktop/learnovia-backend/vendor/laravel/framework/src/Illuminate/Foundation/Console/Kernel.php(133): Illuminate\\Console\\Application->run()
#20 /home/hend/Desktop/learnovia-backend/artisan(37): Illuminate\\Foundation\\Console\\Kernel->handle()
#21 {main}
"} 
